<?xml version="1.0" encoding="UTF-8"?>
<testsuite name="test_singleton_pattern_tests.MyTestCase-20220523020815" tests="5" file="test_singleton_pattern_tests.py" time="0.015" timestamp="2022-05-23T02:08:15" failures="0" errors="0" skipped="0">
	<testcase classname="test_singleton_pattern_tests.MyTestCase" name="test_appointments_store_singleton" time="0.002" timestamp="2022-05-23T02:08:15"/>
	<testcase classname="test_singleton_pattern_tests.MyTestCase" name="test_cancelation_store_singleton" time="0.003" timestamp="2022-05-23T02:08:15"/>
	<testcase classname="test_singleton_pattern_tests.MyTestCase" name="test_patients_store_singleton" time="0.003" timestamp="2022-05-23T02:08:15"/>
	<testcase classname="test_singleton_pattern_tests.MyTestCase" name="test_vaccination_store_singleton" time="0.004" timestamp="2022-05-23T02:08:15"/>
	<testcase classname="test_singleton_pattern_tests.MyTestCase" name="test_vaccine_manager_singleton" time="0.002" timestamp="2022-05-23T02:08:15"/>
</testsuite>
