<?xml version="1.0" encoding="UTF-8"?>
<testsuite name="test_get_vaccine_date_tests.TestGetVaccineDate-20220523020815" tests="7" file="test_get_vaccine_date_tests.py" time="0.143" timestamp="2022-05-23T02:08:15" failures="0" errors="0" skipped="0">
	<testcase classname="test_get_vaccine_date_tests.TestGetVaccineDate" name="test_get_vaccine_date_no_ok" time="0.004" timestamp="2022-05-23T02:08:15"/>
	<testcase classname="test_get_vaccine_date_tests.TestGetVaccineDate" name="test_get_vaccine_date_no_ok_data_manipulated" time="0.003" timestamp="2022-05-23T02:08:15"/>
	<testcase classname="test_get_vaccine_date_tests.TestGetVaccineDate" name="test_get_vaccine_date_no_ok_no_quotes" time="0.005" timestamp="2022-05-23T02:08:15"/>
	<testcase classname="test_get_vaccine_date_tests.TestGetVaccineDate" name="test_get_vaccine_date_no_ok_parameter" time="0.120" timestamp="2022-05-23T02:08:15"/>
	<testcase classname="test_get_vaccine_date_tests.TestGetVaccineDate" name="test_get_vaccine_date_ok" time="0.005" timestamp="2022-05-23T02:08:15"/>
	<testcase classname="test_get_vaccine_date_tests.TestGetVaccineDate" name="test_invalid_date_bvn1" time="0.003" timestamp="2022-05-23T02:08:15"/>
	<testcase classname="test_get_vaccine_date_tests.TestGetVaccineDate" name="test_invalid_date_ecnv2" time="0.004" timestamp="2022-05-23T02:08:15"/>
</testsuite>
